0 info it worked if it ends with ok
1 verbose cli [ 'c:\\Program Files\\nodejs\\node.exe',
1 verbose cli   'c:\\Program Files\\nodejs\\node_modules\\npm\\bin\\npm-cli.js',
1 verbose cli   'run',
1 verbose cli   'watchCss' ]
2 info using npm@3.10.8
3 info using node@v6.9.1
4 verbose run-script [ 'prewatchCss', 'watchCss', 'postwatchCss' ]
5 info lifecycle szkolenie-7dec16@1.0.0~prewatchCss: szkolenie-7dec16@1.0.0
6 silly lifecycle szkolenie-7dec16@1.0.0~prewatchCss: no script for prewatchCss, continuing
7 info lifecycle szkolenie-7dec16@1.0.0~watchCss: szkolenie-7dec16@1.0.0
8 verbose lifecycle szkolenie-7dec16@1.0.0~watchCss: unsafe-perm in lifecycle true
9 verbose lifecycle szkolenie-7dec16@1.0.0~watchCss: PATH: c:\Program Files\nodejs\node_modules\npm\bin\node-gyp-bin;e:\printbox - pliki\reactProject\node_modules\.bin;c:\Users\DN\bin;.;C:\Program Files (x86)\Git\local\bin;C:\Program Files (x86)\Git\mingw\bin;C:\Program Files (x86)\Git\bin;C:\Program Files (x86)\Git\bin;c:\Program Files (x86)\Common Files\Intel\Shared Files\cpp\bin\Intel64;c:\ProgramData\Oracle\Java\javapath;c:\Program Files (x86)\Intel\iCLS Client\;c:\Program Files\Intel\iCLS Client\;c:\Program Files (x86)\NVIDIA Corporation\PhysX\Common;c:\Windows\system32;c:\Windows;c:\Windows\System32\Wbem;c:\Windows\System32\WindowsPowerShell\v1.0\;c:\Program Files\Intel\WiFi\bin\;c:\Program Files\Common Files\Intel\WirelessCommon\;c:\Program Files\Intel\Intel(R) Management Engine Components\DAL;c:\Program Files (x86)\Intel\Intel(R) Management Engine Components\DAL;c:\Program Files\Intel\Intel(R) Management Engine Components\IPT;c:\Program Files (x86)\Intel\Intel(R) Management Engine Components\IPT;c:\Program Files (x86)\Skype\Phone\;%USERPROFILE%\.dnx\bin;c:\Program Files\Microsoft DNX\Dnvm\;c:\Program Files\Microsoft\Web Platform Installer\;c:\Program Files\MATLAB\MATLAB Production Server\R2015a\runtime\win64;c:\Program Files\MATLAB\MATLAB Production Server\R2015a\bin;c:\Program Files\MATLAB\MATLAB Production Server\R2015a\polyspace\bin;c:\Program Files (x86)\Brackets\command;c:\Program Files\nodejs\;c:\Programy\Ruby23\bin;c:\Users\DN\AppData\Local\Programs\Python\Python35-32\Scripts\;c:\Users\DN\AppData\Local\Programs\Python\Python35-32\;c:\Users\DN\AppData\Roaming\npm
10 verbose lifecycle szkolenie-7dec16@1.0.0~watchCss: CWD: e:\printbox - pliki\reactProject
11 silly lifecycle szkolenie-7dec16@1.0.0~watchCss: Args: [ '/d /s /c',
11 silly lifecycle   'node-sass --watch --recursive ./src/scss --output ./public' ]
12 silly lifecycle szkolenie-7dec16@1.0.0~watchCss: Returned: code: 3221225786  signal: null
13 info lifecycle szkolenie-7dec16@1.0.0~watchCss: Failed to exec watchCss script
14 verbose stack Error: szkolenie-7dec16@1.0.0 watchCss: `node-sass --watch --recursive ./src/scss --output ./public`
14 verbose stack Exit status 3221225786
14 verbose stack     at EventEmitter.<anonymous> (c:\Program Files\nodejs\node_modules\npm\lib\utils\lifecycle.js:255:16)
14 verbose stack     at emitTwo (events.js:106:13)
14 verbose stack     at EventEmitter.emit (events.js:191:7)
14 verbose stack     at ChildProcess.<anonymous> (c:\Program Files\nodejs\node_modules\npm\lib\utils\spawn.js:40:14)
14 verbose stack     at emitTwo (events.js:106:13)
14 verbose stack     at ChildProcess.emit (events.js:191:7)
14 verbose stack     at maybeClose (internal/child_process.js:877:16)
14 verbose stack     at Process.ChildProcess._handle.onexit (internal/child_process.js:226:5)
15 verbose pkgid szkolenie-7dec16@1.0.0
16 verbose cwd e:\printbox - pliki\reactProject\src\js
17 error Windows_NT 6.3.9600
18 error argv "c:\\Program Files\\nodejs\\node.exe" "c:\\Program Files\\nodejs\\node_modules\\npm\\bin\\npm-cli.js" "run" "watchCss"
19 error node v6.9.1
20 error npm  v3.10.8
21 error code ELIFECYCLE
22 error szkolenie-7dec16@1.0.0 watchCss: `node-sass --watch --recursive ./src/scss --output ./public`
22 error Exit status 3221225786
23 error Failed at the szkolenie-7dec16@1.0.0 watchCss script 'node-sass --watch --recursive ./src/scss --output ./public'.
23 error Make sure you have the latest version of node.js and npm installed.
23 error If you do, this is most likely a problem with the szkolenie-7dec16 package,
23 error not with npm itself.
23 error Tell the author that this fails on your system:
23 error     node-sass --watch --recursive ./src/scss --output ./public
23 error You can get information on how to open an issue for this project with:
23 error     npm bugs szkolenie-7dec16
23 error Or if that isn't available, you can get their info via:
23 error     npm owner ls szkolenie-7dec16
23 error There is likely additional logging output above.
24 verbose exit [ 1, true ]
